<?xml version="1.0" encoding="UTF-8"?>
<!-- Generated by org.testng.reporters.JUnitReportReporter -->
<<<<<<< HEAD
<testsuite hostname="TVDI-019" failures="0" tests="5" name="RestAssuredTests.RestAssuredDemotests" time="5.026" errors="0" timestamp="2023-03-09T12:42:58 IST" skipped="0">
  <testcase classname="RestAssuredTests.RestAssuredDemotests" name="getSingleUserNotFound" time="0.263"/>
  <system-out/>
  <testcase classname="RestAssuredTests.RestAssuredDemotests" name="getSingleUser" time="0.324"/>
  <system-out/>
  <testcase classname="RestAssuredTests.RestAssuredDemotests" name="getSingleResource" time="0.289"/>
  <system-out/>
  <testcase classname="RestAssuredTests.RestAssuredDemotests" name="getDelayedResponse" time="3.766"/>
  <system-out/>
  <testcase classname="RestAssuredTests.RestAssuredDemotests" name="getListUsers" time="0.384"/>
=======
<testsuite hostname="TVDI-021" failures="0" tests="5" name="RestAssuredTests.RestAssuredDemotests" time="4.521" errors="0" timestamp="2023-03-08T16:36:49 IST" skipped="0">
  <testcase classname="RestAssuredTests.RestAssuredDemotests" name="getSingleResource" time="0.242"/>
  <system-out/>
  <testcase classname="RestAssuredTests.RestAssuredDemotests" name="getListUsers" time="0.306"/>
  <system-out/>
  <testcase classname="RestAssuredTests.RestAssuredDemotests" name="getSingleUserNotFound" time="0.625"/>
  <system-out/>
  <testcase classname="RestAssuredTests.RestAssuredDemotests" name="getSingleUser" time="0.248"/>
  <system-out/>
  <testcase classname="RestAssuredTests.RestAssuredDemotests" name="getDelayedResponse" time="3.100"/>
>>>>>>> b8a545428e152a28582626b205949fc4c50d9321
  <system-out/>
</testsuite> <!-- RestAssuredTests.RestAssuredDemotests -->
