<?xml version="1.0" encoding="UTF-8"?>
<!-- Generated by org.testng.reporters.JUnitReportReporter -->
<testsuite hostname="TVDI-021" failures="0" tests="5" name="RestAssuredTests.RestAssuredDemotests" time="4.521" errors="0" timestamp="2023-03-08T16:36:49 IST" skipped="0">
  <testcase classname="RestAssuredTests.RestAssuredDemotests" name="getSingleResource" time="0.242"/>
  <system-out/>
  <testcase classname="RestAssuredTests.RestAssuredDemotests" name="getListUsers" time="0.306"/>
  <system-out/>
  <testcase classname="RestAssuredTests.RestAssuredDemotests" name="getSingleUserNotFound" time="0.625"/>
  <system-out/>
  <testcase classname="RestAssuredTests.RestAssuredDemotests" name="getSingleUser" time="0.248"/>
  <system-out/>
  <testcase classname="RestAssuredTests.RestAssuredDemotests" name="getDelayedResponse" time="3.100"/>
  <system-out/>
</testsuite> <!-- RestAssuredTests.RestAssuredDemotests -->
