<?xml version="1.0" encoding="UTF-8"?>
<!-- Generated by org.testng.reporters.JUnitReportReporter -->
<testsuite hostname="TVDI-019" failures="0" tests="5" name="RestAssuredTests.RestAssuredDemotests" time="5.026" errors="0" timestamp="2023-03-09T12:42:58 IST" skipped="0">
  <testcase classname="RestAssuredTests.RestAssuredDemotests" name="getSingleUserNotFound" time="0.263"/>
  <system-out/>
  <testcase classname="RestAssuredTests.RestAssuredDemotests" name="getSingleUser" time="0.324"/>
  <system-out/>
  <testcase classname="RestAssuredTests.RestAssuredDemotests" name="getSingleResource" time="0.289"/>
  <system-out/>
  <testcase classname="RestAssuredTests.RestAssuredDemotests" name="getDelayedResponse" time="3.766"/>
  <system-out/>
  <testcase classname="RestAssuredTests.RestAssuredDemotests" name="getListUsers" time="0.384"/>
  <system-out/>
</testsuite> <!-- RestAssuredTests.RestAssuredDemotests -->
