<?xml version="1.0" encoding="UTF-8"?>
<!-- Generated by org.testng.reporters.JUnitReportReporter -->
<testsuite hostname="TVDI-021" failures="0" tests="6" name="RestAssuredTests.RestAssuredDemotests" time="5.235" errors="0" timestamp="2023-03-09T12:37:47 IST" skipped="0">
  <testcase classname="RestAssuredTests.RestAssuredDemotests" name="getSingleResource" time="0.240"/>
  <system-out/>
  <testcase classname="RestAssuredTests.RestAssuredDemotests" name="getSingleResource8" time="0.643"/>
  <system-out/>
  <testcase classname="RestAssuredTests.RestAssuredDemotests" name="getDelayedResponse" time="3.094"/>
  <system-out/>
  <testcase classname="RestAssuredTests.RestAssuredDemotests" name="getSingleUser" time="0.298"/>
  <system-out/>
  <testcase classname="RestAssuredTests.RestAssuredDemotests" name="getSingleUserNotFound" time="0.594"/>
  <system-out/>
  <testcase classname="RestAssuredTests.RestAssuredDemotests" name="getListUsers" time="0.366"/>
  <system-out/>
</testsuite> <!-- RestAssuredTests.RestAssuredDemotests -->
