<?xml version="1.0" encoding="UTF-8"?>
<!-- Generated by org.testng.reporters.JUnitReportReporter -->
<testsuite hostname="TVDI-024" failures="0" tests="5" name="RestAssuredTests.RestAssuredDemotests" time="3.957" errors="0" timestamp="2023-03-07T20:28:29 IST" skipped="0">
  <testcase classname="RestAssuredTests.RestAssuredDemotests" name="getListUsers" time="0.299"/>
  <system-out/>
  <testcase classname="RestAssuredTests.RestAssuredDemotests" name="getSingleResource" time="0.241"/>
  <system-out/>
  <testcase classname="RestAssuredTests.RestAssuredDemotests" name="getSingleUser" time="0.276"/>
  <system-out/>
  <testcase classname="RestAssuredTests.RestAssuredDemotests" name="getSingleUserNotFound" time="0.219"/>
  <system-out/>
  <testcase classname="RestAssuredTests.RestAssuredDemotests" name="getDelayedResponse" time="2.922"/>
  <system-out/>
</testsuite> <!-- RestAssuredTests.RestAssuredDemotests -->
